You : 5
(you), : 8
you : 23
are : 10
(you : 8
are) : 9
my : 15
universe : 14
And : 12
I : 7
(I) : 4
just : 5
want : 4
(just : 4
want) : 5
to : 4
put : 4
first : 4
universe, : 2
and : 3
In : 1
the : 2
night, : 1
lie : 1
look : 1
up : 6
at : 1
When : 2
morning : 1
comes, : 1
watch : 1
rise : 1
There's : 1
a : 1
paradise : 1
they : 2
couldn't : 1
capture : 1
That : 1
bright : 1
infinity : 1
inside : 6
your : 1
eyes : 1
매일 : 1
밤 : 1
네게 : 1
날아가 : 2
(가) : 2
꿈이란 : 1
것도 : 1
잊은 : 1
채 : 1
나 : 1
웃으며 : 1
너를 : 2
만나 : 1
(나) : 1
Never : 1
ending : 1
forever, : 1
baby : 2
make : 5
world : 5
light : 5
어둠이 : 1
내겐 : 1
더 : 1
편했었지 : 1
길어진 : 1
그림자 : 1
속에서 : 1
(eyes) : 1
said : 1
that : 1
we : 2
can't : 1
be : 1
together : 1
Because, : 1
because : 1
come : 1
from : 1
different : 1
sides : 1
My : 7
(doo-doo, : 3
doo-doo) : 3
(You : 1
world) : 1
Make : 1
나를 : 1
밝혀주는 : 1
건 : 1
너란 : 1
사랑으로 : 1
수 : 1
놓아진 : 1
별 : 1
내 : 3
우주의 : 1
넌 : 1
또 : 1
다른 : 1
세상을 : 1
만들어 : 1
주는 : 1
걸 : 1
너는 : 2
별이자 : 1
나의 : 1
우주니까 : 1
지금 : 1
이 : 2
시련도 : 1
결국엔 : 1
잠시니까 : 1
언제까지나 : 1
지금처럼 : 1
밝게만 : 1
빛나줘 : 1
우리는 : 1
따라 : 1
긴 : 1
밤을 : 1
수놓을 : 1
거야 : 1
너와 : 1
함께 : 1
I'm : 2
without : 1
you, : 1
crazy : 1
자 : 1
어서 : 1
손을 : 1
잡아 : 1
(아) : 1
We : 1
made : 1
of : 1
each : 1
other, : 1
(you, : 2
(I : 1
I) : 1
