(I : 1
(I) : 4
(You : 1
(doo-doo, : 3
(eyes) : 1
(just : 4
(you : 8
(you), : 8
(you, : 2
(가) : 2
(나) : 1
(아) : 1
And : 12
Because, : 1
I : 7
I'm : 2
I) : 1
In : 1
Make : 1
My : 7
Never : 1
That : 1
There's : 1
We : 1
When : 2
You : 5
a : 1
and : 3
are : 10
are) : 9
at : 1
baby : 2
be : 1
because : 1
bright : 1
can't : 1
capture : 1
come : 1
comes, : 1
couldn't : 1
crazy : 1
different : 1
doo-doo) : 3
each : 1
ending : 1
eyes : 1
first : 4
forever, : 1
from : 1
infinity : 1
inside : 6
just : 5
lie : 1
light : 5
look : 1
made : 1
make : 5
morning : 1
my : 15
night, : 1
of : 1
other, : 1
paradise : 1
put : 4
rise : 1
said : 1
sides : 1
that : 1
the : 2
they : 2
to : 4
together : 1
universe : 14
universe, : 2
up : 6
want : 4
want) : 5
watch : 1
we : 2
without : 1
world : 5
world) : 1
you : 23
you, : 1
your : 1
거야 : 1
건 : 1
걸 : 1
것도 : 1
결국엔 : 1
그림자 : 1
긴 : 1
길어진 : 1
꿈이란 : 1
나 : 1
나를 : 1
나의 : 1
날아가 : 2
내 : 3
내겐 : 1
너는 : 2
너란 : 1
너를 : 2
너와 : 1
넌 : 1
네게 : 1
놓아진 : 1
다른 : 1
더 : 1
따라 : 1
또 : 1
만나 : 1
만들어 : 1
매일 : 1
밝게만 : 1
밝혀주는 : 1
밤 : 1
밤을 : 1
별 : 1
별이자 : 1
빛나줘 : 1
사랑으로 : 1
세상을 : 1
속에서 : 1
손을 : 1
수 : 1
수놓을 : 1
시련도 : 1
어둠이 : 1
어서 : 1
언제까지나 : 1
우리는 : 1
우주니까 : 1
우주의 : 1
웃으며 : 1
이 : 2
잊은 : 1
자 : 1
잠시니까 : 1
잡아 : 1
주는 : 1
지금 : 1
지금처럼 : 1
채 : 1
편했었지 : 1
함께 : 1
